Running: C:\Xilinx\14.7\ISE_DS\ISE\bin\nt64\unwrapped\fuse.exe -intstyle ise -incremental -lib unisims_ver -lib unimacro_ver -lib xilinxcorelib_ver -lib secureip -o F:/study/3rd computer/CO2/Xilinx/Final_Co_project/Testfull_isim_beh.exe -prj F:/study/3rd computer/CO2/Xilinx/Final_Co_project/Testfull_beh.prj work.Testfull work.glbl 
ISim P.20131013 (signature 0x7708f090)
Number of CPUs detected in this system: 8
Turning on mult-threading, number of parallel sub-compilation jobs: 16 
Determining compilation order of HDL files
Analyzing Verilog file "F:/study/3rd computer/CO2/Xilinx/Final_Co_project/Target.v" into library work
Analyzing Verilog file "F:/study/3rd computer/CO2/Xilinx/Final_Co_project/clock.v" into library work
Analyzing Verilog file "F:/study/3rd computer/CO2/Xilinx/Final_Co_project/Test.v" into library work
Analyzing Verilog file "C:/Xilinx/14.7/ISE_DS/ISE//verilog/src/glbl.v" into library work
Starting static elaboration
Completed static elaboration
Compiling module PCI_TARGET
Compiling module clock
Compiling module Testfull
Compiling module glbl
Time Resolution for simulation is 1ps.
Compiled 4 Verilog Units
Built simulation executable F:/study/3rd computer/CO2/Xilinx/Final_Co_project/Testfull_isim_beh.exe
Fuse Memory Usage: 29308 KB
Fuse CPU Usage: 359 ms
