Running: C:\Xilinx\14.7\ISE_DS\ISE\bin\nt64\unwrapped\fuse.exe -intstyle ise -incremental -lib unisims_ver -lib unimacro_ver -lib xilinxcorelib_ver -lib secureip -o F:/study/3rd computer/CO2/Xilinx/project_target/Special_cycle_isim_beh.exe -prj F:/study/3rd computer/CO2/Xilinx/project_target/Special_cycle_beh.prj work.Special_cycle work.glbl 
ISim P.20131013 (signature 0x7708f090)
Number of CPUs detected in this system: 8
Turning on mult-threading, number of parallel sub-compilation jobs: 16 
Determining compilation order of HDL files
Analyzing Verilog file "F:/study/3rd computer/CO2/Xilinx/project_target/second_m.v" into library work
Analyzing Verilog file "F:/study/3rd computer/CO2/Xilinx/project_target/clock.v" into library work
Analyzing Verilog file "F:/study/3rd computer/CO2/Xilinx/project_target/Special_cycle.v" into library work
Analyzing Verilog file "C:/Xilinx/14.7/ISE_DS/ISE//verilog/src/glbl.v" into library work
Starting static elaboration
Completed static elaboration
Compiling module clock
Compiling module PCI_TARGET
Compiling module Special_cycle
Compiling module glbl
Time Resolution for simulation is 1ps.
Waiting for 1 sub-compilation(s) to finish...
Compiled 4 Verilog Units
Built simulation executable F:/study/3rd computer/CO2/Xilinx/project_target/Special_cycle_isim_beh.exe
Fuse Memory Usage: 30032 KB
Fuse CPU Usage: 952 ms
